This file contains any messages produced by compilers while
running configure, to aid debugging if configure makes a mistake.

It was created by Lemur configure 4.3, which was
generated by GNU Autoconf 2.59.  Invocation command line was

  $ ./configure 

## --------- ##
## Platform. ##
## --------- ##

hostname = eniu-laptop
uname -m = i686
uname -r = 2.6.32-21-generic
uname -s = Linux
uname -v = #32-Ubuntu SMP Fri Apr 16 08:10:02 UTC 2010

/usr/bin/uname -p = unknown
/bin/uname -X     = unknown

/bin/arch              = unknown
/usr/bin/arch -k       = unknown
/usr/convex/getsysinfo = unknown
hostinfo               = unknown
/bin/machine           = unknown
/usr/bin/oslevel       = unknown
/bin/universe          = unknown

PATH: /usr/local/sbin
PATH: /usr/local/bin
PATH: /usr/sbin
PATH: /usr/bin
PATH: /sbin
PATH: /bin
PATH: /usr/X11R6/bin


## ----------- ##
## Core tests. ##
## ----------- ##

configure:1331: checking build system type
configure:1349: result: i686-pc-linux-gnu
configure:1357: checking host system type
configure:1371: result: i686-pc-linux-gnu
configure:1426: checking for gcc
configure:1442: found /usr/bin/gcc
configure:1452: result: gcc
configure:1696: checking for C compiler version
configure:1699: gcc --version </dev/null >&5
gcc (Ubuntu 4.4.3-4ubuntu5) 4.4.3
Copyright (C) 2009 Free Software Foundation, Inc.
This is free software; see the source for copying conditions.  There is NO
warranty; not even for MERCHANTABILITY or FITNESS FOR A PARTICULAR PURPOSE.

configure:1702: $? = 0
configure:1704: gcc -v </dev/null >&5
Using built-in specs.
Target: i486-linux-gnu
Configured with: ../src/configure -v --with-pkgversion='Ubuntu 4.4.3-4ubuntu5' --with-bugurl=file:///usr/share/doc/gcc-4.4/README.Bugs --enable-languages=c,c++,fortran,objc,obj-c++ --prefix=/usr --enable-shared --enable-multiarch --enable-linker-build-id --with-system-zlib --libexecdir=/usr/lib --without-included-gettext --enable-threads=posix --with-gxx-include-dir=/usr/include/c++/4.4 --program-suffix=-4.4 --enable-nls --enable-clocale=gnu --enable-libstdcxx-debug --enable-plugin --enable-objc-gc --enable-targets=all --disable-werror --with-arch-32=i486 --with-tune=generic --enable-checking=release --build=i486-linux-gnu --host=i486-linux-gnu --target=i486-linux-gnu
Thread model: posix
gcc version 4.4.3 (Ubuntu 4.4.3-4ubuntu5) 
configure:1707: $? = 0
configure:1709: gcc -V </dev/null >&5
gcc: '-V' option must have argument
configure:1712: $? = 1
configure:1735: checking for C compiler default output file name
configure:1738: gcc    conftest.c  >&5
configure:1741: $? = 0
configure:1787: result: a.out
configure:1792: checking whether the C compiler works
configure:1798: ./a.out
configure:1801: $? = 0
configure:1818: result: yes
configure:1825: checking whether we are cross compiling
configure:1827: result: no
configure:1830: checking for suffix of executables
configure:1832: gcc -o conftest    conftest.c  >&5
configure:1835: $? = 0
configure:1860: result: 
configure:1866: checking for suffix of object files
configure:1887: gcc -c   conftest.c >&5
configure:1890: $? = 0
configure:1912: result: o
configure:1916: checking whether we are using the GNU C compiler
configure:1940: gcc -c   conftest.c >&5
configure:1946: $? = 0
configure:1950: test -z 
			 || test ! -s conftest.err
configure:1953: $? = 0
configure:1956: test -s conftest.o
configure:1959: $? = 0
configure:1972: result: yes
configure:1978: checking whether gcc accepts -g
configure:1999: gcc -c -g  conftest.c >&5
configure:2005: $? = 0
configure:2009: test -z 
			 || test ! -s conftest.err
configure:2012: $? = 0
configure:2015: test -s conftest.o
configure:2018: $? = 0
configure:2029: result: yes
configure:2046: checking for gcc option to accept ANSI C
configure:2116: gcc  -c -g -O2  conftest.c >&5
configure:2122: $? = 0
configure:2126: test -z 
			 || test ! -s conftest.err
configure:2129: $? = 0
configure:2132: test -s conftest.o
configure:2135: $? = 0
configure:2153: result: none needed
configure:2171: gcc -c -g -O2  conftest.c >&5
conftest.c:2: error: expected '=', ',', ';', 'asm' or '__attribute__' before 'me'
configure:2177: $? = 1
configure: failed program was:
| #ifndef __cplusplus
|   choke me
| #endif
configure:2362: checking for g++
configure:2378: found /usr/bin/g++
configure:2388: result: g++
configure:2404: checking for C++ compiler version
configure:2407: g++ --version </dev/null >&5
g++ (Ubuntu 4.4.3-4ubuntu5) 4.4.3
Copyright (C) 2009 Free Software Foundation, Inc.
This is free software; see the source for copying conditions.  There is NO
warranty; not even for MERCHANTABILITY or FITNESS FOR A PARTICULAR PURPOSE.

configure:2410: $? = 0
configure:2412: g++ -v </dev/null >&5
Using built-in specs.
Target: i486-linux-gnu
Configured with: ../src/configure -v --with-pkgversion='Ubuntu 4.4.3-4ubuntu5' --with-bugurl=file:///usr/share/doc/gcc-4.4/README.Bugs --enable-languages=c,c++,fortran,objc,obj-c++ --prefix=/usr --enable-shared --enable-multiarch --enable-linker-build-id --with-system-zlib --libexecdir=/usr/lib --without-included-gettext --enable-threads=posix --with-gxx-include-dir=/usr/include/c++/4.4 --program-suffix=-4.4 --enable-nls --enable-clocale=gnu --enable-libstdcxx-debug --enable-plugin --enable-objc-gc --enable-targets=all --disable-werror --with-arch-32=i486 --with-tune=generic --enable-checking=release --build=i486-linux-gnu --host=i486-linux-gnu --target=i486-linux-gnu
Thread model: posix
gcc version 4.4.3 (Ubuntu 4.4.3-4ubuntu5) 
configure:2415: $? = 0
configure:2417: g++ -V </dev/null >&5
g++: '-V' option must have argument
configure:2420: $? = 1
configure:2423: checking whether we are using the GNU C++ compiler
configure:2447: g++ -c   conftest.cc >&5
configure:2453: $? = 0
configure:2457: test -z 
			 || test ! -s conftest.err
configure:2460: $? = 0
configure:2463: test -s conftest.o
configure:2466: $? = 0
configure:2479: result: yes
configure:2485: checking whether g++ accepts -g
configure:2506: g++ -c -g  conftest.cc >&5
configure:2512: $? = 0
configure:2516: test -z 
			 || test ! -s conftest.err
configure:2519: $? = 0
configure:2522: test -s conftest.o
configure:2525: $? = 0
configure:2536: result: yes
configure:2578: g++ -c -g -O2  conftest.cc >&5
configure:2584: $? = 0
configure:2588: test -z 
			 || test ! -s conftest.err
configure:2591: $? = 0
configure:2594: test -s conftest.o
configure:2597: $? = 0
configure:2623: g++ -c -g -O2  conftest.cc >&5
conftest.cc: In function 'int main()':
conftest.cc:13: error: 'exit' was not declared in this scope
configure:2629: $? = 1
configure: failed program was:
| /* confdefs.h.  */
| 
| #define PACKAGE_NAME "Lemur"
| #define PACKAGE_TARNAME "lemur"
| #define PACKAGE_VERSION "4.3"
| #define PACKAGE_STRING "Lemur 4.3"
| #define PACKAGE_BUGREPORT "project@lemurproject.org"
| /* end confdefs.h.  */
| 
| int
| main ()
| {
| exit (42);
|   ;
|   return 0;
| }
configure:2578: g++ -c -g -O2  conftest.cc >&5
conftest.cc:9: error: 'void std::exit(int)' should have been declared inside 'std'
configure:2584: $? = 1
configure: failed program was:
| /* confdefs.h.  */
| 
| #define PACKAGE_NAME "Lemur"
| #define PACKAGE_TARNAME "lemur"
| #define PACKAGE_VERSION "4.3"
| #define PACKAGE_STRING "Lemur 4.3"
| #define PACKAGE_BUGREPORT "project@lemurproject.org"
| /* end confdefs.h.  */
| extern "C" void std::exit (int) throw (); using std::exit;
| #include <stdlib.h>
| int
| main ()
| {
| exit (42);
|   ;
|   return 0;
| }
configure:2578: g++ -c -g -O2  conftest.cc >&5
conftest.cc:9: error: 'void std::exit(int)' should have been declared inside 'std'
In file included from conftest.cc:10:
/usr/include/stdlib.h:543: error: declaration of 'void std::exit(int) throw ()' throws different exceptions
conftest.cc:9: error: from previous declaration 'void std::exit(int)'
configure:2584: $? = 1
configure: failed program was:
| /* confdefs.h.  */
| 
| #define PACKAGE_NAME "Lemur"
| #define PACKAGE_TARNAME "lemur"
| #define PACKAGE_VERSION "4.3"
| #define PACKAGE_STRING "Lemur 4.3"
| #define PACKAGE_BUGREPORT "project@lemurproject.org"
| /* end confdefs.h.  */
| extern "C" void std::exit (int); using std::exit;
| #include <stdlib.h>
| int
| main ()
| {
| exit (42);
|   ;
|   return 0;
| }
configure:2578: g++ -c -g -O2  conftest.cc >&5
configure:2584: $? = 0
configure:2588: test -z 
			 || test ! -s conftest.err
configure:2591: $? = 0
configure:2594: test -s conftest.o
configure:2597: $? = 0
configure:2623: g++ -c -g -O2  conftest.cc >&5
configure:2629: $? = 0
configure:2633: test -z 
			 || test ! -s conftest.err
configure:2636: $? = 0
configure:2639: test -s conftest.o
configure:2642: $? = 0
configure:2670: checking for flex
configure:2699: result: no
configure:2670: checking for lex
configure:2699: result: no
configure:2709: checking for yywrap in -lfl
configure:2739: gcc -o conftest -g -O2   conftest.c -lfl   >&5
/usr/bin/ld: cannot find -lfl
collect2: ld returned 1 exit status
configure:2745: $? = 1
configure: failed program was:
| /* confdefs.h.  */
| 
| #define PACKAGE_NAME "Lemur"
| #define PACKAGE_TARNAME "lemur"
| #define PACKAGE_VERSION "4.3"
| #define PACKAGE_STRING "Lemur 4.3"
| #define PACKAGE_BUGREPORT "project@lemurproject.org"
| #ifdef __cplusplus
| extern "C" void exit (int) throw ();
| #endif
| /* end confdefs.h.  */
| 
| /* Override any gcc2 internal prototype to avoid an error.  */
| #ifdef __cplusplus
| extern "C"
| #endif
| /* We use char because int might match the return type of a gcc2
|    builtin and then its argument prototype would still apply.  */
| char yywrap ();
| int
| main ()
| {
| yywrap ();
|   ;
|   return 0;
| }
configure:2771: result: no
configure:2776: checking for yywrap in -ll
configure:2806: gcc -o conftest -g -O2   conftest.c -ll   >&5
/usr/bin/ld: cannot find -ll
collect2: ld returned 1 exit status
configure:2812: $? = 1
configure: failed program was:
| /* confdefs.h.  */
| 
| #define PACKAGE_NAME "Lemur"
| #define PACKAGE_TARNAME "lemur"
| #define PACKAGE_VERSION "4.3"
| #define PACKAGE_STRING "Lemur 4.3"
| #define PACKAGE_BUGREPORT "project@lemurproject.org"
| #ifdef __cplusplus
| extern "C" void exit (int) throw ();
| #endif
| /* end confdefs.h.  */
| 
| /* Override any gcc2 internal prototype to avoid an error.  */
| #ifdef __cplusplus
| extern "C"
| #endif
| /* We use char because int might match the return type of a gcc2
|    builtin and then its argument prototype would still apply.  */
| char yywrap ();
| int
| main ()
| {
| yywrap ();
|   ;
|   return 0;
| }
configure:2838: result: no
configure:2953: checking for a BSD-compatible install
configure:3008: result: /usr/bin/install -c
configure:3023: checking for ar
configure:3039: found /usr/bin/ar
configure:3049: result: ar
configure:3061: checking for log in -lm
configure:3091: gcc -o conftest -g -O2   conftest.c -lm   >&5
conftest.c:19: warning: conflicting types for built-in function 'log'
configure:3097: $? = 0
configure:3101: test -z 
			 || test ! -s conftest.err
configure:3104: $? = 0
configure:3107: test -s conftest
configure:3110: $? = 0
configure:3123: result: yes
configure:3135: checking for pthread_create in -lpthread
configure:3165: gcc -o conftest -g -O2   conftest.c -lpthread  -lm  >&5
configure:3171: $? = 0
configure:3175: test -z 
			 || test ! -s conftest.err
configure:3178: $? = 0
configure:3181: test -s conftest
configure:3184: $? = 0
configure:3197: result: yes
configure:3390: checking for deflate in -lz
configure:3420: gcc -o conftest -g -O2   conftest.c -lz  -lpthread -lm  >&5
configure:3426: $? = 0
configure:3430: test -z 
			 || test ! -s conftest.err
configure:3433: $? = 0
configure:3436: test -s conftest
configure:3439: $? = 0
configure:3452: result: yes
configure:3464: checking for mkstemps in -liberty
configure:3494: gcc -o conftest -g -O2   conftest.c -liberty  -lz -lpthread -lm  >&5
/usr/bin/ld: cannot find -liberty
collect2: ld returned 1 exit status
configure:3500: $? = 1
configure: failed program was:
| /* confdefs.h.  */
| 
| #define PACKAGE_NAME "Lemur"
| #define PACKAGE_TARNAME "lemur"
| #define PACKAGE_VERSION "4.3"
| #define PACKAGE_STRING "Lemur 4.3"
| #define PACKAGE_BUGREPORT "project@lemurproject.org"
| #ifdef __cplusplus
| extern "C" void exit (int) throw ();
| #endif
| #define HAVE_LIBM 1
| #define HAVE_LIBPTHREAD 1
| #define HAVE_LIBZ 1
| /* end confdefs.h.  */
| 
| /* Override any gcc2 internal prototype to avoid an error.  */
| #ifdef __cplusplus
| extern "C"
| #endif
| /* We use char because int might match the return type of a gcc2
|    builtin and then its argument prototype would still apply.  */
| char mkstemps ();
| int
| main ()
| {
| mkstemps ();
|   ;
|   return 0;
| }
configure:3526: result: no
configure:3545: checking whether C++ namespaces are supported
configure:3569: g++ -c -g -O2  conftest.cc >&5
configure:3575: $? = 0
configure:3579: test -z 
			 || test ! -s conftest.err
configure:3582: $? = 0
configure:3585: test -s conftest.o
configure:3588: $? = 0
configure:3604: result: yes
configure:3614: checking whether isnan is in namespace std
configure:3640: g++ -c -g -O2  conftest.cc >&5
configure:3646: $? = 0
configure:3650: test -z 
			 || test ! -s conftest.err
configure:3653: $? = 0
configure:3656: test -s conftest.o
configure:3659: $? = 0
configure:3675: result: yes
configure:3685: checking whether isnan is in namespace __gnu_cxx
configure:3711: g++ -c -g -O2  conftest.cc >&5
conftest.cc: In function 'int lemur::isnan(float)':
conftest.cc:18: error: 'isnan' is not a member of '__gnu_cxx'
configure:3717: $? = 1
configure: failed program was:
| /* confdefs.h.  */
| 
| #define PACKAGE_NAME "Lemur"
| #define PACKAGE_TARNAME "lemur"
| #define PACKAGE_VERSION "4.3"
| #define PACKAGE_STRING "Lemur 4.3"
| #define PACKAGE_BUGREPORT "project@lemurproject.org"
| #ifdef __cplusplus
| extern "C" void exit (int) throw ();
| #endif
| #define HAVE_LIBM 1
| #define HAVE_LIBPTHREAD 1
| #define HAVE_LIBZ 1
| #define HAVE_NAMESPACES
| #define ISNAN_IN_NAMESPACE_STD
| /* end confdefs.h.  */
| #include <cmath>
| 	   namespace lemur { int isnan(float x){ return __gnu_cxx::isnan(x); } };
| int
| main ()
| {
| 
| 	   using namespace lemur; float x = 1.0; lemur::isnan(x); return 0;
|   ;
|   return 0;
| }
configure:3746: result: no
configure:3756: checking whether byte ordering is bigendian
configure:3783: gcc -c -g -O2  conftest.c >&5
configure:3789: $? = 0
configure:3793: test -z 
			 || test ! -s conftest.err
configure:3796: $? = 0
configure:3799: test -s conftest.o
configure:3802: $? = 0
configure:3826: gcc -c -g -O2  conftest.c >&5
conftest.c: In function 'main':
conftest.c:24: error: 'not' undeclared (first use in this function)
conftest.c:24: error: (Each undeclared identifier is reported only once
conftest.c:24: error: for each function it appears in.)
conftest.c:24: error: expected ';' before 'big'
configure:3832: $? = 1
configure: failed program was:
| /* confdefs.h.  */
| 
| #define PACKAGE_NAME "Lemur"
| #define PACKAGE_TARNAME "lemur"
| #define PACKAGE_VERSION "4.3"
| #define PACKAGE_STRING "Lemur 4.3"
| #define PACKAGE_BUGREPORT "project@lemurproject.org"
| #ifdef __cplusplus
| extern "C" void exit (int) throw ();
| #endif
| #define HAVE_LIBM 1
| #define HAVE_LIBPTHREAD 1
| #define HAVE_LIBZ 1
| #define HAVE_NAMESPACES
| #define ISNAN_IN_NAMESPACE_STD
| /* end confdefs.h.  */
| #include <sys/types.h>
| #include <sys/param.h>
| 
| int
| main ()
| {
| #if BYTE_ORDER != BIG_ENDIAN
|  not big endian
| #endif
| 
|   ;
|   return 0;
| }
configure:3967: result: no
configure:3993: checking for special C compiler options needed for large files
configure:4092: result: no
configure:4098: checking for _FILE_OFFSET_BITS value needed for large files
configure:4129: gcc -c -g -O2  conftest.c >&5
conftest.c:23: warning: left shift count >= width of type
conftest.c:23: warning: left shift count >= width of type
conftest.c:25: error: size of array 'off_t_is_large' is negative
configure:4135: $? = 1
configure: failed program was:
| /* confdefs.h.  */
| 
| #define PACKAGE_NAME "Lemur"
| #define PACKAGE_TARNAME "lemur"
| #define PACKAGE_VERSION "4.3"
| #define PACKAGE_STRING "Lemur 4.3"
| #define PACKAGE_BUGREPORT "project@lemurproject.org"
| #ifdef __cplusplus
| extern "C" void exit (int) throw ();
| #endif
| #define HAVE_LIBM 1
| #define HAVE_LIBPTHREAD 1
| #define HAVE_LIBZ 1
| #define HAVE_NAMESPACES
| #define ISNAN_IN_NAMESPACE_STD
| /* end confdefs.h.  */
| #include <sys/types.h>
|  /* Check that off_t can represent 2**63 - 1 correctly.
|     We can't simply define LARGE_OFF_T to be 9223372036854775807,
|     since some C++ compilers masquerading as C compilers
|     incorrectly reject 9223372036854775807.  */
| #define LARGE_OFF_T (((off_t) 1 << 62) - 1 + ((off_t) 1 << 62))
|   int off_t_is_large[(LARGE_OFF_T % 2147483629 == 721
| 		       && LARGE_OFF_T % 2147483647 == 1)
| 		      ? 1 : -1];
| int
| main ()
| {
| 
|   ;
|   return 0;
| }
configure:4182: gcc -c -g -O2  conftest.c >&5
configure:4188: $? = 0
configure:4192: test -z 
			 || test ! -s conftest.err
configure:4195: $? = 0
configure:4198: test -s conftest.o
configure:4201: $? = 0
configure:4213: result: 64
configure:4223: checking for _LARGE_FILES value needed for large files
configure:4254: gcc -c -g -O2  conftest.c >&5
configure:4260: $? = 0
configure:4264: test -z 
			 || test ! -s conftest.err
configure:4267: $? = 0
configure:4270: test -s conftest.o
configure:4273: $? = 0
configure:4338: result: no
configure:4350: checking for _LARGEFILE_SOURCE value needed for large files
configure:4373: gcc -c -g -O2  conftest.c >&5
configure:4379: $? = 0
configure:4383: test -z 
			 || test ! -s conftest.err
configure:4386: $? = 0
configure:4389: test -s conftest.o
configure:4392: $? = 0
configure:4449: result: no
configure:4463: checking for fseeko
configure:4484: gcc -o conftest -g -O2   conftest.c -lz -lpthread -lm  >&5
configure:4490: $? = 0
configure:4494: test -z 
			 || test ! -s conftest.err
configure:4497: $? = 0
configure:4500: test -s conftest
configure:4503: $? = 0
configure:4515: result: yes
configure:4531: checking for mkstemp
configure:4588: gcc -o conftest -g -O2   conftest.c -lz -lpthread -lm  >&5
configure:4594: $? = 0
configure:4598: test -z 
			 || test ! -s conftest.err
configure:4601: $? = 0
configure:4604: test -s conftest
configure:4607: $? = 0
configure:4619: result: yes
configure:4633: checking for mkstemps
configure:4690: gcc -o conftest -g -O2   conftest.c -lz -lpthread -lm  >&5
configure:4696: $? = 0
configure:4700: test -z 
			 || test ! -s conftest.err
configure:4703: $? = 0
configure:4706: test -s conftest
configure:4709: $? = 0
configure:4721: result: yes
configure:4735: checking if atomic integer available
configure:4760: g++ -c -g -O2  conftest.cc >&5
conftest.cc:21:28: error: bits/atomicity.h: No such file or directory
conftest.cc: In function 'int main()':
conftest.cc:25: error: '_Atomic_word' was not declared in this scope
conftest.cc:25: error: expected ';' before 'val'
configure:4766: $? = 1
configure: failed program was:
| /* confdefs.h.  */
| 
| #define PACKAGE_NAME "Lemur"
| #define PACKAGE_TARNAME "lemur"
| #define PACKAGE_VERSION "4.3"
| #define PACKAGE_STRING "Lemur 4.3"
| #define PACKAGE_BUGREPORT "project@lemurproject.org"
| #ifdef __cplusplus
| extern "C" void exit (int) throw ();
| #endif
| #define HAVE_LIBM 1
| #define HAVE_LIBPTHREAD 1
| #define HAVE_LIBZ 1
| #define HAVE_NAMESPACES
| #define ISNAN_IN_NAMESPACE_STD
| #define _FILE_OFFSET_BITS 64
| #define HAVE_FSEEKO 1
| #define HAVE_MKSTEMP 1
| #define HAVE_MKSTEMPS 1
| /* end confdefs.h.  */
| #include <bits/atomicity.h>
| int
| main ()
| {
| _Atomic_word val;
|   ;
|   return 0;
| }
configure:4845: result: no
configure:5470: creating ./config.status

## ---------------------- ##
## Running config.status. ##
## ---------------------- ##

This file was extended by Lemur config.status 4.3, which was
generated by GNU Autoconf 2.59.  Invocation command line was

  CONFIG_FILES    = 
  CONFIG_HEADERS  = 
  CONFIG_LINKS    = 
  CONFIG_COMMANDS = 
  $ ./config.status 

on eniu-laptop

config.status:685: creating MakeDefns
config.status:685: creating Makefile
config.status:685: creating Makefile.app
config.status:685: creating site-search/build.param
config.status:685: creating site-search/crawl-index
config.status:685: creating site-search/seeds.txt
config.status:685: creating site-search/excluded_hosts

## ---------------- ##
## Cache variables. ##
## ---------------- ##

ac_cv_build=i686-pc-linux-gnu
ac_cv_build_alias=i686-pc-linux-gnu
ac_cv_c_bigendian=no
ac_cv_c_compiler_gnu=yes
ac_cv_cxx_compiler_gnu=yes
ac_cv_cxx_isnan_gnu_cxx=no
ac_cv_cxx_isnan_std=yes
ac_cv_cxx_namespaces=yes
ac_cv_env_CC_set=
ac_cv_env_CC_value=
ac_cv_env_CFLAGS_set=
ac_cv_env_CFLAGS_value=
ac_cv_env_CPPFLAGS_set=
ac_cv_env_CPPFLAGS_value=
ac_cv_env_CXXFLAGS_set=
ac_cv_env_CXXFLAGS_value=
ac_cv_env_CXX_set=
ac_cv_env_CXX_value=
ac_cv_env_LDFLAGS_set=
ac_cv_env_LDFLAGS_value=
ac_cv_env_build_alias_set=
ac_cv_env_build_alias_value=
ac_cv_env_host_alias_set=
ac_cv_env_host_alias_value=
ac_cv_env_target_alias_set=
ac_cv_env_target_alias_value=
ac_cv_exeext=
ac_cv_func_fseeko=yes
ac_cv_func_mkstemp=yes
ac_cv_func_mkstemps=yes
ac_cv_host=i686-pc-linux-gnu
ac_cv_host_alias=i686-pc-linux-gnu
ac_cv_lib_fl_yywrap=no
ac_cv_lib_iberty_mkstemps=no
ac_cv_lib_l_yywrap=no
ac_cv_lib_m_log=yes
ac_cv_lib_pthread_pthread_create=yes
ac_cv_lib_z_deflate=yes
ac_cv_objext=o
ac_cv_path_install='/usr/bin/install -c'
ac_cv_prog_AR=ar
ac_cv_prog_ac_ct_CC=gcc
ac_cv_prog_ac_ct_CXX=g++
ac_cv_prog_cc_g=yes
ac_cv_prog_cc_stdc=
ac_cv_prog_cxx_g=yes
ac_cv_sys_file_offset_bits=64
ac_cv_sys_large_files=no
ac_cv_sys_largefile_CC=no
ac_cv_sys_largefile_source=no

## ----------------- ##
## Output variables. ##
## ----------------- ##

AR='ar'
CC='gcc'
CFLAGS='-g -O2'
CPPFLAGS=''
CSHARP_SHARED='-shared'
CSHARP_SO='.so'
CXX='g++'
CXXFLAGS='-g -O2'
DEFS='-DPACKAGE_NAME=\"Lemur\" -DPACKAGE_TARNAME=\"lemur\" -DPACKAGE_VERSION=\"4.3\" -DPACKAGE_STRING=\"Lemur\ 4.3\" -DPACKAGE_BUGREPORT=\"project@lemurproject.org\" -DHAVE_LIBM=1 -DHAVE_LIBPTHREAD=1 -DHAVE_LIBZ=1 -DHAVE_NAMESPACES= -DISNAN_IN_NAMESPACE_STD= -D_FILE_OFFSET_BITS=64 -DHAVE_FSEEKO=1 -DHAVE_MKSTEMP=1 -DHAVE_MKSTEMPS=1 -DP_HAS_ATOMIC_INT=0 -DP_NEEDS_GNU_CXX_NAMESPACE=0 -DWITH_DISTRIB=0 -DWITH_SUMMARIZATION=0 -DNDEBUG=1 -DWITH_CLUSTER=0 '
ECHO_C=''
ECHO_N='-n'
ECHO_T=''
EXEEXT=''
HOST_OS=''
INSTALL_DATA='${INSTALL} -m 644'
INSTALL_PROGRAM='${INSTALL}'
INSTALL_SCRIPT='${INSTALL}'
JAR=''
JAVAC=''
JAVAHOME=''
JAVAINC=''
JAVA_SHARED='-shared'
JAVA_SO='.so'
LDFLAGS=''
LEX=':'
LEXLIB=''
LEX_OUTPUT_ROOT=''
LIBOBJS=''
LIBS='-lz -lpthread -lm '
LTLIBOBJS=''
MCS=''
MODULES='retrieval langmod index parsing utility contrib/antlr contrib/xpdf'
OBJEXT='o'
PACKAGE_BUGREPORT='project@lemurproject.org'
PACKAGE_NAME='Lemur'
PACKAGE_STRING='Lemur 4.3'
PACKAGE_TARNAME='lemur'
PACKAGE_VERSION='4.3'
PATH_SEPARATOR=':'
PHPCONFIG=''
PHPINCLUDE=''
PHP_SHARED='-shared'
PHP_SO='.so'
SHARED='-shared -fPIC'
SHELL='/bin/bash'
SITESEED='unknownhost'
SWIG=''
WITH_CLUSTER='0'
WITH_CSHARP='0'
WITH_DISTRIB='0'
WITH_JAVA='0'
WITH_PHP='0'
WITH_SUMMARIZATION='0'
WITH_SWIG='0'
ac_ct_CC='gcc'
ac_ct_CXX='g++'
bindir='${exec_prefix}/bin'
build='i686-pc-linux-gnu'
build_alias=''
build_cpu='i686'
build_os='linux-gnu'
build_vendor='pc'
datadir='${prefix}/share'
exec_prefix='${prefix}'
host='i686-pc-linux-gnu'
host_alias=''
host_cpu='i686'
host_os='linux-gnu'
host_vendor='pc'
includedir='${prefix}/include'
infodir='${prefix}/info'
libdir='${exec_prefix}/lib'
libexecdir='${exec_prefix}/libexec'
localstatedir='${prefix}/var'
mandir='${prefix}/man'
oldincludedir='/usr/include'
prefix='/usr/local'
program_transform_name='s,x,x,'
sbindir='${exec_prefix}/sbin'
sharedstatedir='${prefix}/com'
sysconfdir='${prefix}/etc'
target_alias=''

## ----------- ##
## confdefs.h. ##
## ----------- ##

#define HAVE_FSEEKO 1
#define HAVE_LIBM 1
#define HAVE_LIBPTHREAD 1
#define HAVE_LIBZ 1
#define HAVE_MKSTEMP 1
#define HAVE_MKSTEMPS 1
#define HAVE_NAMESPACES
#define ISNAN_IN_NAMESPACE_STD
#define NDEBUG 1
#define PACKAGE_BUGREPORT "project@lemurproject.org"
#define PACKAGE_NAME "Lemur"
#define PACKAGE_STRING "Lemur 4.3"
#define PACKAGE_TARNAME "lemur"
#define PACKAGE_VERSION "4.3"
#define P_HAS_ATOMIC_INT 0
#define P_NEEDS_GNU_CXX_NAMESPACE 0
#define WITH_CLUSTER 0
#define WITH_DISTRIB 0
#define WITH_SUMMARIZATION 0
#define _FILE_OFFSET_BITS 64
#endif
#ifdef __cplusplus
extern "C" void exit (int) throw ();

configure: exit 0
